2024-02-13 10:20:28,361 ERROR - The given key was not present in the dictionary.
2024-02-13 10:20:28,379 ERROR - The given key was not present in the dictionary.
2024-02-13 10:20:28,419 ERROR - The given key was not present in the dictionary.
2024-02-13 10:20:28,434 ERROR - The given key was not present in the dictionary.
2024-02-13 10:20:28,483 ERROR - The given key was not present in the dictionary.
2024-02-13 10:20:28,685 ERROR - The given key was not present in the dictionary.
2024-02-13 10:20:29,454 ERROR - The given key was not present in the dictionary.
2024-02-13 10:20:29,703 ERROR - The given key was not present in the dictionary.
2024-02-13 10:20:30,485 ERROR - The given key was not present in the dictionary.
2024-02-13 10:20:30,604 ERROR - The given key was not present in the dictionary.
2024-02-13 10:20:30,655 ERROR - The given key was not present in the dictionary.
2024-02-13 10:20:30,758 ERROR - The given key was not present in the dictionary.
2024-02-13 10:20:30,869 ERROR - The given key was not present in the dictionary.
2024-02-13 10:20:30,914 ERROR - The given key was not present in the dictionary.
2024-02-13 10:20:30,967 ERROR - The given key was not present in the dictionary.
2024-02-13 10:20:31,014 ERROR - The given key was not present in the dictionary.
2024-02-13 10:20:31,069 ERROR - The given key was not present in the dictionary.
2024-02-13 10:20:31,113 ERROR - The given key was not present in the dictionary.
2024-02-13 10:20:31,166 ERROR - The given key was not present in the dictionary.
2024-02-13 10:20:31,209 ERROR - The given key was not present in the dictionary.
2024-02-13 10:20:31,258 ERROR - The given key was not present in the dictionary.
2024-02-13 10:20:31,501 ERROR - The given key was not present in the dictionary.
2024-02-13 10:20:31,656 ERROR - The given key was not present in the dictionary.
2024-02-13 10:20:31,882 ERROR - The given key was not present in the dictionary.
2024-02-13 10:20:33,080 ERROR - The given key was not present in the dictionary.
2024-02-13 10:20:33,137 ERROR - The given key was not present in the dictionary.
2024-02-13 10:20:33,200 ERROR - The given key was not present in the dictionary.
2024-02-13 10:20:33,286 ERROR - The given key was not present in the dictionary.
2024-02-13 10:20:33,326 ERROR - The given key was not present in the dictionary.
2024-02-13 10:20:33,377 ERROR - The given key was not present in the dictionary.
2024-02-13 10:20:33,965 ERROR - The given key was not present in the dictionary.
2024-02-13 10:20:34,023 ERROR - The given key was not present in the dictionary.
2024-02-13 10:20:34,068 ERROR - The given key was not present in the dictionary.
2024-02-13 10:20:34,123 ERROR - The given key was not present in the dictionary.
2024-02-13 10:20:34,164 ERROR - The given key was not present in the dictionary.
2024-02-13 10:20:34,210 ERROR - The given key was not present in the dictionary.
2024-02-13 10:20:34,283 ERROR - The given key was not present in the dictionary.
2024-02-13 10:20:34,308 ERROR - The given key was not present in the dictionary.
2024-02-13 10:20:34,407 ERROR - The given key was not present in the dictionary.
2024-02-13 10:20:34,515 ERROR - The given key was not present in the dictionary.
2024-02-13 10:20:34,566 ERROR - The given key was not present in the dictionary.
2024-02-13 10:20:35,275 ERROR - The given key was not present in the dictionary.
2024-02-13 10:20:35,325 ERROR - The given key was not present in the dictionary.
2024-02-13 10:20:35,373 ERROR - The given key was not present in the dictionary.
2024-02-13 10:20:35,420 ERROR - The given key was not present in the dictionary.
2024-02-13 10:20:35,475 ERROR - The given key was not present in the dictionary.
2024-02-13 10:20:35,765 ERROR - The given key was not present in the dictionary.
2024-02-13 10:20:35,814 ERROR - The given key was not present in the dictionary.
2024-02-13 10:20:35,864 ERROR - The given key was not present in the dictionary.
2024-02-13 10:20:36,676 ERROR - The given key was not present in the dictionary.
2024-02-13 10:20:36,827 ERROR - The given key was not present in the dictionary.
2024-02-13 10:20:36,872 ERROR - The given key was not present in the dictionary.
2024-02-13 10:20:37,138 ERROR - The given key was not present in the dictionary.
2024-02-13 10:20:37,185 ERROR - The given key was not present in the dictionary.
2024-02-13 10:20:37,235 ERROR - The given key was not present in the dictionary.
2024-02-13 10:21:51,313 ERROR - The given key was not present in the dictionary.
2024-02-13 10:21:52,252 ERROR - The given key was not present in the dictionary.
2024-02-13 10:21:52,296 ERROR - The given key was not present in the dictionary.
2024-02-13 10:21:52,399 ERROR - The given key was not present in the dictionary.
2024-02-13 10:21:53,348 ERROR - The given key was not present in the dictionary.
2024-02-13 10:21:53,387 ERROR - The given key was not present in the dictionary.
2024-02-13 10:21:53,433 ERROR - The given key was not present in the dictionary.
2024-02-13 10:21:53,486 ERROR - The given key was not present in the dictionary.
2024-02-13 10:21:53,636 ERROR - The given key was not present in the dictionary.
2024-02-13 10:21:53,730 ERROR - The given key was not present in the dictionary.
2024-02-13 10:21:53,776 ERROR - The given key was not present in the dictionary.
2024-02-13 10:21:53,833 ERROR - The given key was not present in the dictionary.
2024-02-13 10:21:53,882 ERROR - The given key was not present in the dictionary.
2024-02-13 10:21:53,925 ERROR - The given key was not present in the dictionary.
2024-02-13 10:21:54,009 ERROR - The given key was not present in the dictionary.
2024-02-13 10:21:54,109 ERROR - The given key was not present in the dictionary.
2024-02-13 10:21:54,169 ERROR - The given key was not present in the dictionary.
2024-02-13 10:21:54,205 ERROR - The given key was not present in the dictionary.
2024-02-13 10:21:54,256 ERROR - The given key was not present in the dictionary.
2024-02-13 10:21:54,301 ERROR - The given key was not present in the dictionary.
2024-02-13 10:21:54,467 ERROR - The given key was not present in the dictionary.
2024-02-13 10:21:54,982 ERROR - The given key was not present in the dictionary.
2024-02-13 10:21:55,307 ERROR - The given key was not present in the dictionary.
2024-02-13 10:21:55,360 ERROR - The given key was not present in the dictionary.
2024-02-13 10:21:55,404 ERROR - The given key was not present in the dictionary.
2024-02-13 10:21:55,461 ERROR - The given key was not present in the dictionary.
2024-02-13 10:21:55,507 ERROR - The given key was not present in the dictionary.
2024-02-13 10:21:55,547 ERROR - The given key was not present in the dictionary.
2024-02-13 10:21:55,597 ERROR - The given key was not present in the dictionary.
2024-02-13 10:21:55,647 ERROR - The given key was not present in the dictionary.
2024-02-13 10:21:55,695 ERROR - The given key was not present in the dictionary.
2024-02-13 10:21:55,747 ERROR - The given key was not present in the dictionary.
2024-02-13 10:21:55,799 ERROR - The given key was not present in the dictionary.
2024-02-13 10:21:56,298 ERROR - The given key was not present in the dictionary.
2024-02-13 10:21:56,532 ERROR - The given key was not present in the dictionary.
2024-02-13 10:21:56,623 ERROR - The given key was not present in the dictionary.
2024-02-13 10:21:56,831 ERROR - The given key was not present in the dictionary.
2024-02-13 10:21:56,870 ERROR - The given key was not present in the dictionary.
2024-02-13 10:21:57,077 ERROR - The given key was not present in the dictionary.
2024-02-13 10:21:57,123 ERROR - The given key was not present in the dictionary.
2024-02-13 10:21:57,172 ERROR - The given key was not present in the dictionary.
2024-02-13 10:21:57,274 ERROR - The given key was not present in the dictionary.
2024-02-13 10:21:57,328 ERROR - The given key was not present in the dictionary.
2024-02-13 10:21:57,406 ERROR - The given key was not present in the dictionary.
2024-02-13 10:21:57,457 ERROR - The given key was not present in the dictionary.
2024-02-13 10:21:57,503 ERROR - The given key was not present in the dictionary.
2024-02-13 10:21:57,561 ERROR - The given key was not present in the dictionary.
2024-02-13 10:21:57,607 ERROR - The given key was not present in the dictionary.
2024-02-13 10:21:57,660 ERROR - The given key was not present in the dictionary.
2024-02-13 10:21:57,706 ERROR - The given key was not present in the dictionary.
2024-02-13 10:21:58,111 ERROR - The given key was not present in the dictionary.
2024-02-13 10:21:58,285 ERROR - The given key was not present in the dictionary.
2024-02-13 10:21:58,509 ERROR - The given key was not present in the dictionary.
2024-02-13 10:21:58,584 ERROR - The given key was not present in the dictionary.
2024-02-13 10:21:58,621 ERROR - The given key was not present in the dictionary.
2024-02-13 10:21:58,717 ERROR - The given key was not present in the dictionary.
2024-02-13 10:21:58,835 ERROR - The given key was not present in the dictionary.
2024-02-13 10:21:58,890 ERROR - The given key was not present in the dictionary.
2024-02-13 10:21:58,939 ERROR - The given key was not present in the dictionary.
2024-02-13 10:21:58,982 ERROR - The given key was not present in the dictionary.
2024-02-13 10:21:59,030 ERROR - The given key was not present in the dictionary.
2024-02-13 10:21:59,130 ERROR - The given key was not present in the dictionary.
2024-02-13 10:21:59,204 ERROR - The given key was not present in the dictionary.
2024-02-13 10:21:59,269 ERROR - The given key was not present in the dictionary.
2024-02-13 10:21:59,310 ERROR - The given key was not present in the dictionary.
2024-02-13 10:21:59,361 ERROR - The given key was not present in the dictionary.
2024-02-13 10:21:59,461 ERROR - The given key was not present in the dictionary.
2024-02-13 10:22:00,538 ERROR - The given key was not present in the dictionary.
2024-02-13 10:22:00,595 ERROR - The given key was not present in the dictionary.
2024-02-13 10:22:00,653 ERROR - The given key was not present in the dictionary.
2024-02-13 10:22:00,889 ERROR - The given key was not present in the dictionary.
2024-02-13 10:22:00,966 ERROR - The given key was not present in the dictionary.
2024-02-13 10:22:00,990 ERROR - The given key was not present in the dictionary.
2024-02-13 10:22:01,337 ERROR - The given key was not present in the dictionary.
2024-02-13 10:22:01,519 ERROR - The given key was not present in the dictionary.
2024-02-13 10:22:40,676 ERROR - The given key was not present in the dictionary.
2024-02-13 10:22:41,514 ERROR - The given key was not present in the dictionary.
2024-02-13 10:22:41,965 ERROR - The given key was not present in the dictionary.
2024-02-13 10:22:42,163 ERROR - The given key was not present in the dictionary.
2024-02-13 10:23:57,502 INFO - delete
2024-02-13 10:23:58,077 INFO - delete
2024-02-13 10:23:58,328 INFO - delete
2024-02-13 10:24:00,011 INFO - delete
2024-02-13 10:24:00,171 INFO - delete
2024-02-13 10:24:55,966 ERROR - The given key was not present in the dictionary.
2024-02-13 10:24:57,305 ERROR - The given key was not present in the dictionary.
2024-02-13 10:25:10,152 ERROR - The given key was not present in the dictionary.
2024-02-13 10:25:10,556 ERROR - The given key was not present in the dictionary.
2024-02-13 10:25:11,221 ERROR - The given key was not present in the dictionary.
2024-02-13 10:25:11,778 ERROR - The given key was not present in the dictionary.
2024-02-13 10:25:11,832 ERROR - The given key was not present in the dictionary.
2024-02-13 10:25:11,879 ERROR - The given key was not present in the dictionary.
2024-02-13 10:25:11,930 ERROR - The given key was not present in the dictionary.
2024-02-13 10:25:19,575 ERROR - The given key was not present in the dictionary.
2024-02-13 10:25:19,634 ERROR - The given key was not present in the dictionary.
2024-02-13 10:25:19,965 ERROR - The given key was not present in the dictionary.
2024-02-13 10:25:20,330 ERROR - The given key was not present in the dictionary.
2024-02-13 10:25:20,387 ERROR - The given key was not present in the dictionary.
2024-02-13 10:25:20,466 ERROR - The given key was not present in the dictionary.
2024-02-13 10:25:20,518 ERROR - The given key was not present in the dictionary.
2024-02-13 10:25:22,145 ERROR - The given key was not present in the dictionary.
2024-02-13 10:43:59,321 ERROR - Error processing action delete, exception: System.Collections.Generic.KeyNotFoundException: The given key was not present in the dictionary.
   at System.Text.Json.JsonElement.GetProperty(String propertyName)
   at OrderBookUpdated.Order..ctor(JsonElement root) in C:\Users\zac\source\repos\Sandwich-Tasks\OrderBookUpdated\OrderBookUpdated\Form1.cs:line 210
   at OrderBookUpdated.Form1.deleteAction(JsonElement root) in C:\Users\zac\source\repos\Sandwich-Tasks\OrderBookUpdated\OrderBookUpdated\Form1.cs:line 156
   at OrderBookUpdated.Form1.processDataReceived(JsonElement root) in C:\Users\zac\source\repos\Sandwich-Tasks\OrderBookUpdated\OrderBookUpdated\Form1.cs:line 120
2024-02-13 10:43:59,595 ERROR - Error processing action delete, exception: System.Collections.Generic.KeyNotFoundException: The given key was not present in the dictionary.
   at System.Text.Json.JsonElement.GetProperty(String propertyName)
   at OrderBookUpdated.Order..ctor(JsonElement root) in C:\Users\zac\source\repos\Sandwich-Tasks\OrderBookUpdated\OrderBookUpdated\Form1.cs:line 210
   at OrderBookUpdated.Form1.deleteAction(JsonElement root) in C:\Users\zac\source\repos\Sandwich-Tasks\OrderBookUpdated\OrderBookUpdated\Form1.cs:line 156
   at OrderBookUpdated.Form1.processDataReceived(JsonElement root) in C:\Users\zac\source\repos\Sandwich-Tasks\OrderBookUpdated\OrderBookUpdated\Form1.cs:line 120
2024-02-13 10:43:59,742 ERROR - Error processing action delete, exception: System.Collections.Generic.KeyNotFoundException: The given key was not present in the dictionary.
   at System.Text.Json.JsonElement.GetProperty(String propertyName)
   at OrderBookUpdated.Order..ctor(JsonElement root) in C:\Users\zac\source\repos\Sandwich-Tasks\OrderBookUpdated\OrderBookUpdated\Form1.cs:line 210
   at OrderBookUpdated.Form1.deleteAction(JsonElement root) in C:\Users\zac\source\repos\Sandwich-Tasks\OrderBookUpdated\OrderBookUpdated\Form1.cs:line 156
   at OrderBookUpdated.Form1.processDataReceived(JsonElement root) in C:\Users\zac\source\repos\Sandwich-Tasks\OrderBookUpdated\OrderBookUpdated\Form1.cs:line 120
2024-02-13 10:43:59,795 ERROR - Error processing action delete, exception: System.Collections.Generic.KeyNotFoundException: The given key was not present in the dictionary.
   at System.Text.Json.JsonElement.GetProperty(String propertyName)
   at OrderBookUpdated.Order..ctor(JsonElement root) in C:\Users\zac\source\repos\Sandwich-Tasks\OrderBookUpdated\OrderBookUpdated\Form1.cs:line 210
   at OrderBookUpdated.Form1.deleteAction(JsonElement root) in C:\Users\zac\source\repos\Sandwich-Tasks\OrderBookUpdated\OrderBookUpdated\Form1.cs:line 156
   at OrderBookUpdated.Form1.processDataReceived(JsonElement root) in C:\Users\zac\source\repos\Sandwich-Tasks\OrderBookUpdated\OrderBookUpdated\Form1.cs:line 120
2024-02-13 10:44:00,197 ERROR - Error processing action delete, exception: System.Collections.Generic.KeyNotFoundException: The given key was not present in the dictionary.
   at System.Text.Json.JsonElement.GetProperty(String propertyName)
   at OrderBookUpdated.Order..ctor(JsonElement root) in C:\Users\zac\source\repos\Sandwich-Tasks\OrderBookUpdated\OrderBookUpdated\Form1.cs:line 210
   at OrderBookUpdated.Form1.deleteAction(JsonElement root) in C:\Users\zac\source\repos\Sandwich-Tasks\OrderBookUpdated\OrderBookUpdated\Form1.cs:line 156
   at OrderBookUpdated.Form1.processDataReceived(JsonElement root) in C:\Users\zac\source\repos\Sandwich-Tasks\OrderBookUpdated\OrderBookUpdated\Form1.cs:line 120
2024-02-13 10:44:00,395 ERROR - Error processing action delete, exception: System.Collections.Generic.KeyNotFoundException: The given key was not present in the dictionary.
   at System.Text.Json.JsonElement.GetProperty(String propertyName)
   at OrderBookUpdated.Order..ctor(JsonElement root) in C:\Users\zac\source\repos\Sandwich-Tasks\OrderBookUpdated\OrderBookUpdated\Form1.cs:line 210
   at OrderBookUpdated.Form1.deleteAction(JsonElement root) in C:\Users\zac\source\repos\Sandwich-Tasks\OrderBookUpdated\OrderBookUpdated\Form1.cs:line 156
   at OrderBookUpdated.Form1.processDataReceived(JsonElement root) in C:\Users\zac\source\repos\Sandwich-Tasks\OrderBookUpdated\OrderBookUpdated\Form1.cs:line 120
2024-02-13 10:44:00,444 ERROR - Error processing action delete, exception: System.Collections.Generic.KeyNotFoundException: The given key was not present in the dictionary.
   at System.Text.Json.JsonElement.GetProperty(String propertyName)
   at OrderBookUpdated.Order..ctor(JsonElement root) in C:\Users\zac\source\repos\Sandwich-Tasks\OrderBookUpdated\OrderBookUpdated\Form1.cs:line 210
   at OrderBookUpdated.Form1.deleteAction(JsonElement root) in C:\Users\zac\source\repos\Sandwich-Tasks\OrderBookUpdated\OrderBookUpdated\Form1.cs:line 156
   at OrderBookUpdated.Form1.processDataReceived(JsonElement root) in C:\Users\zac\source\repos\Sandwich-Tasks\OrderBookUpdated\OrderBookUpdated\Form1.cs:line 120
2024-02-13 10:44:00,741 ERROR - Error processing action delete, exception: System.Collections.Generic.KeyNotFoundException: The given key was not present in the dictionary.
   at System.Text.Json.JsonElement.GetProperty(String propertyName)
   at OrderBookUpdated.Order..ctor(JsonElement root) in C:\Users\zac\source\repos\Sandwich-Tasks\OrderBookUpdated\OrderBookUpdated\Form1.cs:line 210
   at OrderBookUpdated.Form1.deleteAction(JsonElement root) in C:\Users\zac\source\repos\Sandwich-Tasks\OrderBookUpdated\OrderBookUpdated\Form1.cs:line 156
   at OrderBookUpdated.Form1.processDataReceived(JsonElement root) in C:\Users\zac\source\repos\Sandwich-Tasks\OrderBookUpdated\OrderBookUpdated\Form1.cs:line 120
2024-02-13 10:44:00,787 ERROR - Error processing action delete, exception: System.Collections.Generic.KeyNotFoundException: The given key was not present in the dictionary.
   at System.Text.Json.JsonElement.GetProperty(String propertyName)
   at OrderBookUpdated.Order..ctor(JsonElement root) in C:\Users\zac\source\repos\Sandwich-Tasks\OrderBookUpdated\OrderBookUpdated\Form1.cs:line 210
   at OrderBookUpdated.Form1.deleteAction(JsonElement root) in C:\Users\zac\source\repos\Sandwich-Tasks\OrderBookUpdated\OrderBookUpdated\Form1.cs:line 156
   at OrderBookUpdated.Form1.processDataReceived(JsonElement root) in C:\Users\zac\source\repos\Sandwich-Tasks\OrderBookUpdated\OrderBookUpdated\Form1.cs:line 120
2024-02-13 10:44:00,834 ERROR - Error processing action delete, exception: System.Collections.Generic.KeyNotFoundException: The given key was not present in the dictionary.
   at System.Text.Json.JsonElement.GetProperty(String propertyName)
   at OrderBookUpdated.Order..ctor(JsonElement root) in C:\Users\zac\source\repos\Sandwich-Tasks\OrderBookUpdated\OrderBookUpdated\Form1.cs:line 210
   at OrderBookUpdated.Form1.deleteAction(JsonElement root) in C:\Users\zac\source\repos\Sandwich-Tasks\OrderBookUpdated\OrderBookUpdated\Form1.cs:line 156
   at OrderBookUpdated.Form1.processDataReceived(JsonElement root) in C:\Users\zac\source\repos\Sandwich-Tasks\OrderBookUpdated\OrderBookUpdated\Form1.cs:line 120
2024-02-13 10:44:01,333 ERROR - Error processing action delete, exception: System.Collections.Generic.KeyNotFoundException: The given key was not present in the dictionary.
   at System.Text.Json.JsonElement.GetProperty(String propertyName)
   at OrderBookUpdated.Order..ctor(JsonElement root) in C:\Users\zac\source\repos\Sandwich-Tasks\OrderBookUpdated\OrderBookUpdated\Form1.cs:line 210
   at OrderBookUpdated.Form1.deleteAction(JsonElement root) in C:\Users\zac\source\repos\Sandwich-Tasks\OrderBookUpdated\OrderBookUpdated\Form1.cs:line 156
   at OrderBookUpdated.Form1.processDataReceived(JsonElement root) in C:\Users\zac\source\repos\Sandwich-Tasks\OrderBookUpdated\OrderBookUpdated\Form1.cs:line 120
